Traceback (most recent call last):
  File "/home/runner/local/lib/python3.14/site-packages/jupyter_cache/executors/utils.py", line 58, in single_nb_execution
    executenb(
    ~~~~~~~~~^
        nb,
        ^^^
    ...<4 lines>...
        **kwargs,
        ^^^^^^^^^
    )
    ^
  File "/home/runner/local/lib/python3.14/site-packages/nbclient/client.py", line 1323, in execute
    return NotebookClient(nb=nb, resources=resources, km=km, **kwargs).execute()
           ~~~~~~~~~~~~~~~~~~~~~~~~~~~~~~~~~~~~~~~~~~~~~~~~~~~~~~~~~~~~~~~~~~~^^
  File "/home/runner/local/lib/python3.14/site-packages/jupyter_core/utils/__init__.py", line 165, in wrapped
    return loop.run_until_complete(inner)
           ~~~~~~~~~~~~~~~~~~~~~~~^^^^^^^
  File "/home/runner/local/lib/python3.14/asyncio/base_events.py", line 719, in run_until_complete
    return future.result()
           ~~~~~~~~~~~~~^^
  File "/home/runner/local/lib/python3.14/site-packages/nbclient/client.py", line 709, in async_execute
    await self.async_execute_cell(
        cell, index, execution_count=self.code_cells_executed + 1
    )
  File "/home/runner/local/lib/python3.14/site-packages/nbclient/client.py", line 1062, in async_execute_cell
    await self._check_raise_for_error(cell, cell_index, exec_reply)
  File "/home/runner/local/lib/python3.14/site-packages/nbclient/client.py", line 918, in _check_raise_for_error
    raise CellExecutionError.from_cell_and_msg(cell, exec_reply_content)
nbclient.exceptions.CellExecutionError: An error occurred while executing the following cell:
------------------
from ipywidgets import interact
from ipywidgets import FloatSlider, Layout

fig, ax = plt.subplots()

xx = np.linspace(-1.9, 1.9, 300)
yy = np.linspace(-1.9, 1.9, 300)
x_grid, y_grid = np.meshgrid(xx, yy)
z_grid = np.zeros(np.shape(x_grid))
x_flat = x_grid.flatten()
y_flat = y_grid.flatten()
z_flat = z_grid.flatten()

def update_zero_velocity_plot(jacobi):
    ax.clear()  # <-- this line clears previous contours

    U_grid = effective_potential_U(
        np.vstack((x_flat, y_flat, z_flat)),
        pars=[[CR3BP_MU] * len(x_flat)],
    ).reshape(np.shape(x_grid))
    ax.contour(x_grid, y_grid, 2*U_grid, levels=[jacobi], cmap="viridis")
    ax.set_title(f"Jacobi constant: {jacobi:.3f}")
    fig.canvas.draw()  # force redraw in some environments
    ax.set_aspect("equal")

interact(
    update_zero_velocity_plot,
    jacobi=FloatSlider(
        value=1.57*2,
        min=1.49*2,
        max=1.64*2,
        step=0.002,
        readout_format=".3f",
        layout=Layout(width="900px"),
    ),
)
------------------


[31m---------------------------------------------------------------------------[39m
[31mModuleNotFoundError[39m                       Traceback (most recent call last)
[36mCell[39m[36m [39m[32mIn[6][39m[32m, line 1[39m
[32m----> [39m[32m1[39m [38;5;28;01mfrom[39;00m[38;5;250m [39m[34;01mipywidgets[39;00m[38;5;250m [39m[38;5;28;01mimport[39;00m interact
[32m      2[39m [38;5;28;01mfrom[39;00m[38;5;250m [39m[34;01mipywidgets[39;00m[38;5;250m [39m[38;5;28;01mimport[39;00m FloatSlider, Layout
[32m      4[39m fig, ax = plt.subplots()

[31mModuleNotFoundError[39m: No module named 'ipywidgets'

