Traceback (most recent call last):
  File "/home/runner/local/lib/python3.14/site-packages/jupyter_cache/executors/utils.py", line 58, in single_nb_execution
    executenb(
    ~~~~~~~~~^
        nb,
        ^^^
    ...<4 lines>...
        **kwargs,
        ^^^^^^^^^
    )
    ^
  File "/home/runner/local/lib/python3.14/site-packages/nbclient/client.py", line 1323, in execute
    return NotebookClient(nb=nb, resources=resources, km=km, **kwargs).execute()
           ~~~~~~~~~~~~~~~~~~~~~~~~~~~~~~~~~~~~~~~~~~~~~~~~~~~~~~~~~~~~~~~~~~~^^
  File "/home/runner/local/lib/python3.14/site-packages/jupyter_core/utils/__init__.py", line 165, in wrapped
    return loop.run_until_complete(inner)
           ~~~~~~~~~~~~~~~~~~~~~~~^^^^^^^
  File "/home/runner/local/lib/python3.14/asyncio/base_events.py", line 719, in run_until_complete
    return future.result()
           ~~~~~~~~~~~~~^^
  File "/home/runner/local/lib/python3.14/site-packages/nbclient/client.py", line 709, in async_execute
    await self.async_execute_cell(
        cell, index, execution_count=self.code_cells_executed + 1
    )
  File "/home/runner/local/lib/python3.14/site-packages/nbclient/client.py", line 1062, in async_execute_cell
    await self._check_raise_for_error(cell, cell_index, exec_reply)
  File "/home/runner/local/lib/python3.14/site-packages/nbclient/client.py", line 918, in _check_raise_for_error
    raise CellExecutionError.from_cell_and_msg(cell, exec_reply_content)
nbclient.exceptions.CellExecutionError: An error occurred while executing the following cell:
------------------
ax, (grid, p) = udp4.plot_primer_vector(best_x_4)
------------------


[31m---------------------------------------------------------------------------[39m
[31mValueError[39m                                Traceback (most recent call last)
[36mCell[39m[36m [39m[32mIn[11][39m[32m, line 1[39m
[32m----> [39m[32m1[39m ax, (grid, p) = udp4.plot_primer_vector(best_x_4)

[36mFile [39m[32m~/local/lib/python3.14/site-packages/pykep/trajopt/_pl2pl_N_impulses.py:277[39m, in [36mpl2pl_N_impulses.plot_primer_vector[39m[34m(self, x, N, ax)[39m
[32m    274[39m posvels = [it[[32m0[39m] [38;5;28;01mfor[39;00m it [38;5;129;01min[39;00m decoded]
[32m    276[39m [38;5;28;01mif[39;00m [38;5;28mmin[39m(norm_DVs) < [32m1e-3[39m:
[32m--> [39m[32m277[39m     [38;5;28;01mraise[39;00m [38;5;167;01mValueError[39;00m(
[32m    278[39m         [33m"[39m[33mImpulse magnitude too small, primer vector computation is not possible. Decrease the number of impulses.[39m[33m"[39m
[32m    279[39m     )
[32m    281[39m [38;5;66;03m# We create one grid per segment (e.g. part of the trajectory between two impulses)[39;00m
[32m    282[39m [38;5;66;03m# (this is not guaranteed to have the requested size N, nor has uniform spacing, since all impulses[39;00m
[32m    283[39m [38;5;66;03m# must belong to the grid points)[39;00m
[32m    284[39m N = N + [38;5;28mlen[39m(
[32m    285[39m     DVs
[32m    286[39m )  [38;5;66;03m# heuristic to make sure we are close to the requested number of points[39;00m

[31mValueError[39m: Impulse magnitude too small, primer vector computation is not possible. Decrease the number of impulses.

