Traceback (most recent call last):
  File "/home/runner/local/lib/python3.13/site-packages/jupyter_cache/executors/utils.py", line 58, in single_nb_execution
    executenb(
    ~~~~~~~~~^
        nb,
        ^^^
    ...<4 lines>...
        **kwargs,
        ^^^^^^^^^
    )
    ^
  File "/home/runner/local/lib/python3.13/site-packages/nbclient/client.py", line 1323, in execute
    return NotebookClient(nb=nb, resources=resources, km=km, **kwargs).execute()
           ~~~~~~~~~~~~~~~~~~~~~~~~~~~~~~~~~~~~~~~~~~~~~~~~~~~~~~~~~~~~~~~~~~~^^
  File "/home/runner/local/lib/python3.13/site-packages/jupyter_core/utils/__init__.py", line 165, in wrapped
    return loop.run_until_complete(inner)
           ~~~~~~~~~~~~~~~~~~~~~~~^^^^^^^
  File "/home/runner/local/lib/python3.13/asyncio/base_events.py", line 725, in run_until_complete
    return future.result()
           ~~~~~~~~~~~~~^^
  File "/home/runner/local/lib/python3.13/site-packages/nbclient/client.py", line 709, in async_execute
    await self.async_execute_cell(
        cell, index, execution_count=self.code_cells_executed + 1
    )
  File "/home/runner/local/lib/python3.13/site-packages/nbclient/client.py", line 1062, in async_execute_cell
    await self._check_raise_for_error(cell, cell_index, exec_reply)
  File "/home/runner/local/lib/python3.13/site-packages/nbclient/client.py", line 918, in _check_raise_for_error
    raise CellExecutionError.from_cell_and_msg(cell, exec_reply_content)
nbclient.exceptions.CellExecutionError: An error occurred while executing the following cell:
------------------
prob_uniform = pg.problem(udp_uniform)
prob_uniform.c_tol = 1e-6
print("\n=== Optimization WITHOUT Gradients (Uniform) ===")
masses_no_grad = []
for i in range(10):
    pop = pg.population(prob_uniform, 1)
    pop = algo.evolve(pop)
    if(prob_uniform.feasibility_f(pop.champion_f)):
        print(".", end="")
        masses_no_grad.append(pop.champion_x[1])
    else:
        print("x", end ="")
print("\nBest mass is: ", np.max(masses_no_grad)*MASS)
print("Worst mass is: ", np.min(masses_no_grad)*MASS)
------------------

----- stdout -----

=== Optimization WITHOUT Gradients (Uniform) ===
------------------

[31m---------------------------------------------------------------------------[39m
[31mValueError[39m                                Traceback (most recent call last)
[36mCell[39m[36m [39m[32mIn[7][39m[32m, line 7[39m
[32m      3[39m print([33m"\n=== Optimization WITHOUT Gradients (Uniform) ==="[39m)
[32m      4[39m masses_no_grad = []
[32m      5[39m [38;5;28;01mfor[39;00m i [38;5;28;01min[39;00m range([32m10[39m):
[32m      6[39m     pop = pg.population(prob_uniform, [32m1[39m)
[32m----> [39m[32m7[39m     pop = algo.evolve(pop)
[32m      8[39m     [38;5;28;01mif[39;00m(prob_uniform.feasibility_f(pop.champion_f)):
[32m      9[39m         print([33m"."[39m, end=[33m""[39m)
[32m     10[39m         masses_no_grad.append(pop.champion_x[[32m1[39m])

[31mValueError[39m: 
function: ipopt_nlp
where: /home/conda/feedstock_root/build_artifacts/pagmo_1773779991629/work/src/algorithms/ipopt.cpp, 147
what: the ipopt algorithm needs the gradient, but the problem named '<class 'pykep.trajopt._zoh_pl2pl.zoh_pl2pl'>' does not provide it


